<?xml version="1.0" encoding="UTF-8"?>
<!-- Generated by org.testng.reporters.JUnitXMLReporter -->
<testsuite ignored="0" hostname="PESSOAL" failures="0" tests="3" name="Default test" time="17.129" errors="0" timestamp="2022-01-14T12:27:24 BRT">
  <testcase classname="P_relatorios.TESTE_ALLURE.TesteAllure" name="Acessar" time="6.541"/>
  <testcase classname="P_relatorios.TESTE_ALLURE.TesteAllure" name="search" time="3.209"/>
  <testcase classname="P_relatorios.TESTE_ALLURE.TesteAllure" name="click" time="7.287"/>
</testsuite> <!-- Default test -->
